********************************************************************************
DUPLICATOR-LITE PACKAGE-LOG: January 5, 2023 8:41 pm
NOTICE: Do NOT post to public sites or forums 
********************************************************************************
VERSION:	1.5.1
WORDPRESS:	6.1.1
PHP INFO:	7.4.3 | SAPI: cgi-fcgi
SERVER:		Apache/2.4.43 (Win32) mod_fcgid/2.3.9a 
PHP TIME LIMIT: (0) no time limit imposed 
PHP MAX MEMORY: 4294967296 (256M default) 
MEMORY STACK: 2MB

********************************************************************************
DATABASE:
********************************************************************************
BUILD MODE:   PHP(query limit - 100)
MYSQLTIMEOUT: 5000
MYSQLDUMP:    Not Supported
TABLES: total:13 | filtered:0 | create:13
FILTERED: []
SQL CREATED: 20230105_kakaduplum_cbd563d56a137e1b8272_20230105203701_database.sql
SQL FILE SIZE: 1.41MB (1473767)
SQL FILE TIME: 2023-01-05 20:41:12
SQL RUNTIME: 2.85 sec.

********************************************************************************
ARCHIVE (ZIP):
********************************************************************************
ARCHIVE DIR:  C:/Users/Amelia/Local Sites/kakaduplum/app/public
ARCHIVE FILE: 20230105_kakaduplum_cbd563d56a137e1b8272_20230105203701_archive.zip
FILTERS: *OFF*
DIRS:
	not set
FILES:
	not set
EXTS:  not set
----------------------------------------
COMPRESSING
SIZE:	79.23MB
STATS:	Dirs 700 | Files 4,513
SQL ADDED: 20230105_kakaduplum_cbd563d56a137e1b8272_20230105203701_database.sql
